"../../../Engine/Content/EditorResources/S_Actor.ubulk" 0
"../../../Engine/Content/EditorResources/S_Actor.uasset" 1
"../../../Engine/Content/EditorResources/S_Actor.uexp" 2
"../../../Engine/Content/EditorResources/S_BoxReflectionCapture.uasset" 3
"../../../Engine/Content/EditorResources/S_BoxReflectionCapture.uexp" 4
"../../../Engine/Content/EngineResources/DefaultTexture.ubulk" 5
"../../../Engine/Content/EngineResources/DefaultTexture.uasset" 6
"../../../Engine/Content/EngineResources/DefaultTexture.uexp" 7
"../../../Engine/Content/EngineResources/DefaultTextureCube.uasset" 8
"../../../Engine/Content/EngineResources/DefaultTextureCube.uexp" 9
"../../../Engine/Content/EngineResources/DefaultVolumeTexture2D.uasset" 10
"../../../Engine/Content/EngineResources/DefaultVolumeTexture2D.uexp" 11
"../../../Engine/Content/EngineResources/DefaultVolumeTexture.uasset" 12
"../../../Engine/Content/EngineResources/DefaultVolumeTexture.uexp" 13
"../../../Engine/Content/EditorResources/S_Trigger.ubulk" 14
"../../../Engine/Content/EditorResources/S_Trigger.uasset" 15
"../../../Engine/Content/EditorResources/S_Trigger.uexp" 16
"../../../Engine/Content/EditorResources/S_TriggerBox.uasset" 17
"../../../Engine/Content/EditorResources/S_TriggerBox.uexp" 18
"../../../Engine/Content/EditorResources/S_TriggerCapsule.uasset" 19
"../../../Engine/Content/EditorResources/S_TriggerCapsule.uexp" 20
"../../../Engine/Content/EditorResources/S_TriggerSphere.uasset" 21
"../../../Engine/Content/EditorResources/S_TriggerSphere.uexp" 22
"../../../Engine/Content/EngineMeshes/Sphere.ubulk" 23
"../../../Engine/Content/EngineMeshes/Sphere.uasset" 24
"../../../Engine/Content/EngineMeshes/Sphere.uexp" 25
"../../../Engine/Content/EngineResources/GradientTexture0.uasset" 26
"../../../Engine/Content/EngineResources/GradientTexture0.uexp" 27
"../../../Engine/Content/EngineResources/Black.uasset" 28
"../../../Engine/Content/EngineResources/Black.uexp" 29
"../../../Engine/Content/VREditor/LaserPointer/VR_LaserPower_01.ubulk" 30
"../../../Engine/Content/VREditor/LaserPointer/VR_LaserPower_01.uasset" 31
"../../../Engine/Content/VREditor/LaserPointer/VR_LaserPower_01.uexp" 32
"../../../Engine/Content/VREditor/TransformGizmo/TransformGizmoMaterial.uasset" 33
"../../../Engine/Content/VREditor/TransformGizmo/TransformGizmoMaterial.uexp" 34
"../../../Engine/Content/VREditor/TransformGizmo/TranslucentTransformGizmoMaterial.uasset" 35
"../../../Engine/Content/VREditor/TransformGizmo/TranslucentTransformGizmoMaterial.uexp" 36
"../../../Engine/Content/VREditor/TransformGizmo/PlaneTranslationHandle.ubulk" 37
"../../../Engine/Content/VREditor/TransformGizmo/PlaneTranslationHandle.uasset" 38
"../../../Engine/Content/VREditor/TransformGizmo/PlaneTranslationHandle.uexp" 39
"../../../Engine/Content/VREditor/TransformGizmo/BoundingBoxCorner.ubulk" 40
"../../../Engine/Content/VREditor/TransformGizmo/BoundingBoxCorner.uasset" 41
"../../../Engine/Content/VREditor/TransformGizmo/BoundingBoxCorner.uexp" 42
"../../../Engine/Content/VREditor/TransformGizmo/BoundingBoxEdge.ubulk" 43
"../../../Engine/Content/VREditor/TransformGizmo/BoundingBoxEdge.uasset" 44
"../../../Engine/Content/VREditor/TransformGizmo/BoundingBoxEdge.uexp" 45
"../../../Engine/Content/VREditor/TransformGizmo/Main.uasset" 46
"../../../Engine/Content/VREditor/TransformGizmo/Main.uexp" 47
"../../../Engine/Content/VREditor/TransformGizmo/Xray.uasset" 48
"../../../Engine/Content/VREditor/TransformGizmo/Xray.uexp" 49
"../../../Engine/Content/VREditor/TransformGizmo/SM_Sequencer_Node.ubulk" 50
"../../../Engine/Content/VREditor/TransformGizmo/SM_Sequencer_Node.uasset" 51
"../../../Engine/Content/VREditor/TransformGizmo/SM_Sequencer_Node.uexp" 52
"../../../Engine/Content/EditorMaterials/Camera/CineMat.uasset" 53
"../../../Engine/Content/EditorMaterials/Camera/CineMat.uexp" 54
"../../../Engine/Content/EditorMaterials/Camera/MI_CineMat_Rig.uasset" 55
"../../../Engine/Content/EditorMaterials/Camera/MI_CineMat_Rig.uexp" 56
"../../../Engine/Content/EditorMeshes/Camera/SM_CraneRig_Base.ubulk" 57
"../../../Engine/Content/EditorMeshes/Camera/SM_CraneRig_Base.uasset" 58
"../../../Engine/Content/EditorMeshes/Camera/SM_CraneRig_Base.uexp" 59
"../../../Engine/Content/EditorMeshes/Camera/SM_CraneRig_Arm.ubulk" 60
"../../../Engine/Content/EditorMeshes/Camera/SM_CraneRig_Arm.uasset" 61
"../../../Engine/Content/EditorMeshes/Camera/SM_CraneRig_Arm.uexp" 62
"../../../Engine/Content/EditorMeshes/Camera/SM_CraneRig_Mount.ubulk" 63
"../../../Engine/Content/EditorMeshes/Camera/SM_CraneRig_Mount.uasset" 64
"../../../Engine/Content/EditorMeshes/Camera/SM_CraneRig_Mount.uexp" 65
"../../../Engine/Content/EditorMeshes/Camera/SM_CraneRig_Body.ubulk" 66
"../../../Engine/Content/EditorMeshes/Camera/SM_CraneRig_Body.uasset" 67
"../../../Engine/Content/EditorMeshes/Camera/SM_CraneRig_Body.uexp" 68
"../../../Engine/Content/EditorMeshes/Camera/SM_RailRig_Track.ubulk" 69
"../../../Engine/Content/EditorMeshes/Camera/SM_RailRig_Track.uasset" 70
"../../../Engine/Content/EditorMeshes/Camera/SM_RailRig_Track.uexp" 71
"../../../Engine/Content/EditorMeshes/Camera/SM_RailRig_Mount.ubulk" 72
"../../../Engine/Content/EditorMeshes/Camera/SM_RailRig_Mount.uasset" 73
"../../../Engine/Content/EditorMeshes/Camera/SM_RailRig_Mount.uexp" 74
"../../../Engine/Content/EngineMaterials/T_Default_Material_Grid_M.ubulk" 75
"../../../Engine/Content/EngineMaterials/T_Default_Material_Grid_M.uasset" 76
"../../../Engine/Content/EngineMaterials/T_Default_Material_Grid_M.uexp" 77
"../../../Engine/Content/EngineMaterials/T_Default_Material_Grid_N.ubulk" 78
"../../../Engine/Content/EngineMaterials/T_Default_Material_Grid_N.uasset" 79
"../../../Engine/Content/EngineMaterials/T_Default_Material_Grid_N.uexp" 80
"../../../Engine/Content/Functions/Engine_MaterialFunctions01/Opacity/CameraDepthFade.uasset" 81
"../../../Engine/Content/Functions/Engine_MaterialFunctions01/Opacity/CameraDepthFade.uexp" 82
"../../../Engine/Content/EngineMaterials/WorldGridMaterial.uasset" 83
"../../../Engine/Content/EngineMaterials/WorldGridMaterial.uexp" 84
"../../../Engine/Content/ArtTools/RenderToTexture/Meshes/S_1_Unit_Plane.ubulk" 85
"../../../Engine/Content/ArtTools/RenderToTexture/Meshes/S_1_Unit_Plane.uasset" 86
"../../../Engine/Content/ArtTools/RenderToTexture/Meshes/S_1_Unit_Plane.uexp" 87
"../../../Engine/Content/EditorMaterials/ParticleSystems/PSysThumbnail_NoImage.ubulk" 88
"../../../Engine/Content/EditorMaterials/ParticleSystems/PSysThumbnail_NoImage.uasset" 89
"../../../Engine/Content/EditorMaterials/ParticleSystems/PSysThumbnail_NoImage.uexp" 90
"../../../Engine/Content/EditorMaterials/ParticleSystems/PSysThumbnail_OOD.ubulk" 91
"../../../Engine/Content/EditorMaterials/ParticleSystems/PSysThumbnail_OOD.uasset" 92
"../../../Engine/Content/EditorMaterials/ParticleSystems/PSysThumbnail_OOD.uexp" 93
"../../../Engine/Content/EditorLandscapeResources/SplineEditorMeshMat.uasset" 94
"../../../Engine/Content/EditorLandscapeResources/SplineEditorMeshMat.uexp" 95
"../../../Engine/Content/EditorLandscapeResources/SplineEditorMesh.ubulk" 96
"../../../Engine/Content/EditorLandscapeResources/SplineEditorMesh.uasset" 97
"../../../Engine/Content/EditorLandscapeResources/SplineEditorMesh.uexp" 98
"../../../Engine/Content/EditorResources/S_Solver.ubulk" 99
"../../../Engine/Content/EditorResources/S_Solver.uasset" 100
"../../../Engine/Content/EditorResources/S_Solver.uexp" 101
"../../../Engine/Plugins/Media/MediaPlate/Content/SM_MediaPlateScreen.ubulk" 102
"../../../Engine/Plugins/Media/MediaPlate/Content/SM_MediaPlateScreen.uasset" 103
"../../../Engine/Plugins/Media/MediaPlate/Content/SM_MediaPlateScreen.uexp" 104
"../../../Engine/Content/EngineMaterials/Good64x64TilingNoiseHighFreq.uasset" 105
"../../../Engine/Content/EngineMaterials/Good64x64TilingNoiseHighFreq.uexp" 106
"../../../Engine/Content/EngineMaterials/DefaultBokeh.uasset" 107
"../../../Engine/Content/EngineMaterials/DefaultBokeh.uexp" 108
"../../../Engine/Content/EngineMaterials/PreintegratedSkinBRDF.uasset" 109
"../../../Engine/Content/EngineMaterials/PreintegratedSkinBRDF.uexp" 110
"../../../Engine/Content/EngineMaterials/MiniFont.uasset" 111
"../../../Engine/Content/EngineMaterials/MiniFont.uexp" 112
"../../../Engine/Content/EngineMaterials/WeightMapPlaceholderTexture.uasset" 113
"../../../Engine/Content/EngineMaterials/WeightMapPlaceholderTexture.uexp" 114
"../../../Engine/Content/EngineMaterials/DefaultWhiteGrid.ubulk" 115
"../../../Engine/Content/EngineMaterials/DefaultWhiteGrid.uasset" 116
"../../../Engine/Content/EngineMaterials/DefaultWhiteGrid.uexp" 117
"../../../Engine/Plugins/2D/Paper2D/Content/PlaceholderTextures/DummySpriteTexture.ubulk" 118
"../../../Engine/Plugins/2D/Paper2D/Content/PlaceholderTextures/DummySpriteTexture.uasset" 119
"../../../Engine/Plugins/2D/Paper2D/Content/PlaceholderTextures/DummySpriteTexture.uexp" 120
"../../../Engine/Plugins/2D/Paper2D/Content/DefaultSpriteMaterial.uasset" 121
"../../../Engine/Plugins/2D/Paper2D/Content/DefaultSpriteMaterial.uexp" 122
"../../../Engine/Plugins/2D/Paper2D/Content/OpaqueUnlitSpriteMaterial.uasset" 123
"../../../Engine/Plugins/2D/Paper2D/Content/OpaqueUnlitSpriteMaterial.uexp" 124
"../../../Engine/Plugins/2D/Paper2D/Content/MaskedUnlitSpriteMaterial.uasset" 125
"../../../Engine/Plugins/2D/Paper2D/Content/MaskedUnlitSpriteMaterial.uexp" 126
"../../../Engine/Plugins/2D/Paper2D/Content/DummySprite.uasset" 127
"../../../Engine/Plugins/2D/Paper2D/Content/DummySprite.uexp" 128
"../../../Engine/Plugins/2D/Paper2D/Content/DefaultPaperTerrainMaterial.uasset" 129
"../../../Engine/Plugins/2D/Paper2D/Content/DefaultPaperTerrainMaterial.uexp" 130
"../../../Engine/Content/Functions/Engine_MaterialFunctions02/WorldPositionOffset/CameraOffset.uasset" 131
"../../../Engine/Content/Functions/Engine_MaterialFunctions02/WorldPositionOffset/CameraOffset.uexp" 132
"../../../Engine/Plugins/Animation/ControlRig/Content/M_Manip.uasset" 133
"../../../Engine/Plugins/Animation/ControlRig/Content/M_Manip.uexp" 134
"../../../Engine/Content/Animation/DefaultRecorderBoneCompression.uasset" 135
"../../../Engine/Content/Animation/DefaultRecorderBoneCompression.uexp" 136
"../../../Engine/Content/EngineMaterials/DefaultMaterial.uasset" 137
"../../../Engine/Content/EngineMaterials/DefaultMaterial.uexp" 138
"../../../Engine/Content/BasicShapes/Sphere.ubulk" 139
"../../../Engine/Content/BasicShapes/Sphere.uasset" 140
"../../../Engine/Content/BasicShapes/Sphere.uexp" 141
"../../../Engine/Content/BasicShapes/Plane.ubulk" 142
"../../../Engine/Content/BasicShapes/Plane.uasset" 143
"../../../Engine/Content/BasicShapes/Plane.uexp" 144
"../../../Engine/Content/BasicShapes/Cylinder.ubulk" 145
"../../../Engine/Content/BasicShapes/Cylinder.uasset" 146
"../../../Engine/Content/BasicShapes/Cylinder.uexp" 147
"../../../Engine/Content/EditorResources/S_Terrain.ubulk" 148
"../../../Engine/Content/EditorResources/S_Terrain.uasset" 149
"../../../Engine/Content/EditorResources/S_Terrain.uexp" 150
"../../../Engine/Content/EngineResources/WhiteSquareTexture.uasset" 151
"../../../Engine/Content/EngineResources/WhiteSquareTexture.uexp" 152
"../../../Engine/Content/EngineMaterials/Widget3DPassThrough.uasset" 153
"../../../Engine/Content/EngineMaterials/Widget3DPassThrough.uexp" 154
"../../../Engine/Content/EngineMaterials/Widget3DPassThrough_Translucent.uasset" 155
"../../../Engine/Content/EngineMaterials/Widget3DPassThrough_Translucent.uexp" 156
"../../../Engine/Content/EngineMaterials/Widget3DPassThrough_Translucent_OneSided.uasset" 157
"../../../Engine/Content/EngineMaterials/Widget3DPassThrough_Translucent_OneSided.uexp" 158
"../../../Engine/Content/EngineMaterials/Widget3DPassThrough_Opaque.uasset" 159
"../../../Engine/Content/EngineMaterials/Widget3DPassThrough_Opaque.uexp" 160
"../../../Engine/Content/EngineMaterials/Widget3DPassThrough_Opaque_OneSided.uasset" 161
"../../../Engine/Content/EngineMaterials/Widget3DPassThrough_Opaque_OneSided.uexp" 162
"../../../Engine/Content/EngineMaterials/Widget3DPassThrough_Masked_OneSided.uasset" 163
"../../../Engine/Content/EngineMaterials/Widget3DPassThrough_Masked_OneSided.uexp" 164
"../../../Engine/Content/EngineMaterials/Widget3DPassThrough_Masked.uasset" 165
"../../../Engine/Content/EngineMaterials/Widget3DPassThrough_Masked.uexp" 166
"../../../Engine/Content/EngineMaterials/STBlueNoise_vec2_128x128x64.uasset" 167
"../../../Engine/Content/EngineMaterials/STBlueNoise_vec2_128x128x64.uexp" 168
"../../../Engine/Content/EngineMaterials/STBlueNoise_scalar_128x128x64.uasset" 169
"../../../Engine/Content/EngineMaterials/STBlueNoise_scalar_128x128x64.uexp" 170
"../../../Engine/Content/EngineMaterials/RemoveSurfaceMaterial.uasset" 171
"../../../Engine/Content/EngineMaterials/RemoveSurfaceMaterial.uexp" 172
"../../../Engine/Plugins/Animation/ControlRig/Content/Controls/DefaultGizmoLibraryNormalized.uasset" 173
"../../../Engine/Plugins/Animation/ControlRig/Content/Controls/DefaultGizmoLibraryNormalized.uexp" 174
"../../../Engine/Plugins/Animation/ControlRig/Content/Controls/ControlRig_Wedge_solid.ubulk" 175
"../../../Engine/Plugins/Animation/ControlRig/Content/Controls/ControlRig_Wedge_solid.uasset" 176
"../../../Engine/Plugins/Animation/ControlRig/Content/Controls/ControlRig_Wedge_solid.uexp" 177
"../../../Engine/Plugins/Animation/ControlRig/Content/Controls/ControlRig_Wedge_3mm.ubulk" 178
"../../../Engine/Plugins/Animation/ControlRig/Content/Controls/ControlRig_Wedge_3mm.uasset" 179
"../../../Engine/Plugins/Animation/ControlRig/Content/Controls/ControlRig_Wedge_3mm.uexp" 180
"../../../Engine/Plugins/Animation/ControlRig/Content/Controls/ControlRig_Wedge_1mm.ubulk" 181
"../../../Engine/Plugins/Animation/ControlRig/Content/Controls/ControlRig_Wedge_1mm.uasset" 182
"../../../Engine/Plugins/Animation/ControlRig/Content/Controls/ControlRig_Wedge_1mm.uexp" 183
"../../../Engine/Plugins/Animation/ControlRig/Content/Controls/ControlRig_Triangle_solid.ubulk" 184
"../../../Engine/Plugins/Animation/ControlRig/Content/Controls/ControlRig_Triangle_solid.uasset" 185
"../../../Engine/Plugins/Animation/ControlRig/Content/Controls/ControlRig_Triangle_solid.uexp" 186
"../../../Engine/Plugins/Animation/ControlRig/Content/Controls/ControlRig_Triangle_3mm.ubulk" 187
"../../../Engine/Plugins/Animation/ControlRig/Content/Controls/ControlRig_Triangle_3mm.uasset" 188
"../../../Engine/Plugins/Animation/ControlRig/Content/Controls/ControlRig_Triangle_3mm.uexp" 189
"../../../Engine/Plugins/Animation/ControlRig/Content/Controls/ControlRig_Triangle_1mm.ubulk" 190
"../../../Engine/Plugins/Animation/ControlRig/Content/Controls/ControlRig_Triangle_1mm.uasset" 191
"../../../Engine/Plugins/Animation/ControlRig/Content/Controls/ControlRig_Triangle_1mm.uexp" 192
"../../../Engine/Plugins/Animation/ControlRig/Content/Controls/ControlRig_Star4_solid.ubulk" 193
"../../../Engine/Plugins/Animation/ControlRig/Content/Controls/ControlRig_Star4_solid.uasset" 194
"../../../Engine/Plugins/Animation/ControlRig/Content/Controls/ControlRig_Star4_solid.uexp" 195
"../../../Engine/Plugins/Animation/ControlRig/Content/Controls/ControlRig_Star4_3mm.ubulk" 196
"../../../Engine/Plugins/Animation/ControlRig/Content/Controls/ControlRig_Star4_3mm.uasset" 197
"../../../Engine/Plugins/Animation/ControlRig/Content/Controls/ControlRig_Star4_3mm.uexp" 198
"../../../Engine/Plugins/Animation/ControlRig/Content/Controls/ControlRig_Star4_1mm.ubulk" 199
"../../../Engine/Plugins/Animation/ControlRig/Content/Controls/ControlRig_Star4_1mm.uasset" 200
"../../../Engine/Plugins/Animation/ControlRig/Content/Controls/ControlRig_Star4_1mm.uexp" 201
"../../../Engine/Plugins/Animation/ControlRig/Content/Controls/ControlRig_Square_solid.ubulk" 202
"../../../Engine/Plugins/Animation/ControlRig/Content/Controls/ControlRig_Square_solid.uasset" 203
"../../../Engine/Plugins/Animation/ControlRig/Content/Controls/ControlRig_Square_solid.uexp" 204
"../../../Engine/Plugins/Animation/ControlRig/Content/Controls/ControlRig_Square_3mm.ubulk" 205
"../../../Engine/Plugins/Animation/ControlRig/Content/Controls/ControlRig_Square_3mm.uasset" 206
"../../../Engine/Plugins/Animation/ControlRig/Content/Controls/ControlRig_Square_3mm.uexp" 207
"../../../Engine/Plugins/Animation/ControlRig/Content/Controls/ControlRig_Square_1mm.ubulk" 208
"../../../Engine/Plugins/Animation/ControlRig/Content/Controls/ControlRig_Square_1mm.uasset" 209
"../../../Engine/Plugins/Animation/ControlRig/Content/Controls/ControlRig_Square_1mm.uexp" 210
"../../../Engine/Plugins/Animation/ControlRig/Content/Controls/ControlRig_Sphere_solid.ubulk" 211
"../../../Engine/Plugins/Animation/ControlRig/Content/Controls/ControlRig_Sphere_solid.uasset" 212
"../../../Engine/Plugins/Animation/ControlRig/Content/Controls/ControlRig_Sphere_solid.uexp" 213
"../../../Engine/Plugins/Animation/ControlRig/Content/Controls/ControlRig_Sphere_3mm.ubulk" 214
"../../../Engine/Plugins/Animation/ControlRig/Content/Controls/ControlRig_Sphere_3mm.uasset" 215
"../../../Engine/Plugins/Animation/ControlRig/Content/Controls/ControlRig_Sphere_3mm.uexp" 216
"../../../Engine/Plugins/Animation/ControlRig/Content/Controls/ControlRig_Sphere_1mm.ubulk" 217
"../../../Engine/Plugins/Animation/ControlRig/Content/Controls/ControlRig_Sphere_1mm.uasset" 218
"../../../Engine/Plugins/Animation/ControlRig/Content/Controls/ControlRig_Sphere_1mm.uexp" 219
"../../../Engine/Plugins/Animation/ControlRig/Content/Controls/ControlRig_RoundedTriangle_solid.ubulk" 220
"../../../Engine/Plugins/Animation/ControlRig/Content/Controls/ControlRig_RoundedTriangle_solid.uasset" 221
"../../../Engine/Plugins/Animation/ControlRig/Content/Controls/ControlRig_RoundedTriangle_solid.uexp" 222
"../../../Engine/Plugins/Animation/ControlRig/Content/Controls/ControlRig_RoundedTriangle_3mm.ubulk" 223
"../../../Engine/Plugins/Animation/ControlRig/Content/Controls/ControlRig_RoundedTriangle_3mm.uasset" 224
"../../../Engine/Plugins/Animation/ControlRig/Content/Controls/ControlRig_RoundedTriangle_3mm.uexp" 225
"../../../Engine/Plugins/Animation/ControlRig/Content/Controls/ControlRig_RoundedTriangle_1mm.ubulk" 226
"../../../Engine/Plugins/Animation/ControlRig/Content/Controls/ControlRig_RoundedTriangle_1mm.uasset" 227
"../../../Engine/Plugins/Animation/ControlRig/Content/Controls/ControlRig_RoundedTriangle_1mm.uexp" 228
"../../../Engine/Plugins/Animation/ControlRig/Content/Controls/ControlRig_RoundedSquare_solid.ubulk" 229
"../../../Engine/Plugins/Animation/ControlRig/Content/Controls/ControlRig_RoundedSquare_solid.uasset" 230
"../../../Engine/Plugins/Animation/ControlRig/Content/Controls/ControlRig_RoundedSquare_solid.uexp" 231
"../../../Engine/Plugins/Animation/ControlRig/Content/Controls/ControlRig_RoundedSquare_3mm.ubulk" 232
"../../../Engine/Plugins/Animation/ControlRig/Content/Controls/ControlRig_RoundedSquare_3mm.uasset" 233
"../../../Engine/Plugins/Animation/ControlRig/Content/Controls/ControlRig_RoundedSquare_3mm.uexp" 234
"../../../Engine/Plugins/Animation/ControlRig/Content/Controls/ControlRig_RoundedSquare_1mm.ubulk" 235
"../../../Engine/Plugins/Animation/ControlRig/Content/Controls/ControlRig_RoundedSquare_1mm.uasset" 236
"../../../Engine/Plugins/Animation/ControlRig/Content/Controls/ControlRig_RoundedSquare_1mm.uexp" 237
"../../../Engine/Plugins/Animation/ControlRig/Content/Controls/ControlRig_QuarterCircle_solid.ubulk" 238
"../../../Engine/Plugins/Animation/ControlRig/Content/Controls/ControlRig_QuarterCircle_solid.uasset" 239
"../../../Engine/Plugins/Animation/ControlRig/Content/Controls/ControlRig_QuarterCircle_solid.uexp" 240
"../../../Engine/Plugins/Animation/ControlRig/Content/Controls/ControlRig_QuarterCircle_3mm.ubulk" 241
"../../../Engine/Plugins/Animation/ControlRig/Content/Controls/ControlRig_QuarterCircle_3mm.uasset" 242
"../../../Engine/Plugins/Animation/ControlRig/Content/Controls/ControlRig_QuarterCircle_3mm.uexp" 243
"../../../Engine/Plugins/Animation/ControlRig/Content/Controls/ControlRig_QuarterCircle_1mm.ubulk" 244
"../../../Engine/Plugins/Animation/ControlRig/Content/Controls/ControlRig_QuarterCircle_1mm.uasset" 245
"../../../Engine/Plugins/Animation/ControlRig/Content/Controls/ControlRig_QuarterCircle_1mm.uexp" 246
"../../../Engine/Plugins/Animation/ControlRig/Content/Controls/ControlRig_Pyramid_solid.ubulk" 247
"../../../Engine/Plugins/Animation/ControlRig/Content/Controls/ControlRig_Pyramid_solid.uasset" 248
"../../../Engine/Plugins/Animation/ControlRig/Content/Controls/ControlRig_Pyramid_solid.uexp" 249
"../../../Engine/Plugins/Runtime/MeshModelingToolset/Content/Materials/M_DynamicMeshComponentVtxColor.uasset" 250
"../../../Engine/Plugins/Runtime/MeshModelingToolset/Content/Materials/M_DynamicMeshComponentVtxColor.uexp" 251
"../../../Engine/Plugins/Interchange/Runtime/Content/Pipelines/DefaultTexturePipeline.uasset" 252
"../../../Engine/Plugins/Interchange/Runtime/Content/Pipelines/DefaultTexturePipeline.uexp" 253
"../../../Engine/Plugins/Interchange/Runtime/Content/Pipelines/DefaultSceneLevelPipeline.uasset" 254
"../../../Engine/Plugins/Interchange/Runtime/Content/Pipelines/DefaultSceneLevelPipeline.uexp" 255
"../../../Engine/Plugins/Interchange/Runtime/Content/Pipelines/DefaultSceneAssetsPipeline.uasset" 256
"../../../Engine/Plugins/Interchange/Runtime/Content/Pipelines/DefaultSceneAssetsPipeline.uexp" 257
"../../../Engine/Plugins/Interchange/Runtime/Content/Pipelines/DefaultMaterialPipeline.uasset" 258
"../../../Engine/Plugins/Interchange/Runtime/Content/Pipelines/DefaultMaterialPipeline.uexp" 259
"../../../Engine/Plugins/Interchange/Runtime/Content/Pipelines/DefaultAssetsPipeline.uasset" 260
"../../../Engine/Plugins/Interchange/Runtime/Content/Pipelines/DefaultAssetsPipeline.uexp" 261
"../../../Engine/Plugins/Editor/SpeedTreeImporter/Content/SpeedTree9/game_wind_noise.ubulk" 262
"../../../Engine/Plugins/Editor/SpeedTreeImporter/Content/SpeedTree9/game_wind_noise.uasset" 263
"../../../Engine/Plugins/Editor/SpeedTreeImporter/Content/SpeedTree9/game_wind_noise.uexp" 264
"../../../Engine/Plugins/Editor/SpeedTreeImporter/Content/SpeedTree9/UnpackDirection.uasset" 265
"../../../Engine/Plugins/Editor/SpeedTreeImporter/Content/SpeedTree9/UnpackDirection.uexp" 266
"../../../Engine/Content/Functions/Engine_MaterialFunctions02/ObjectLocalBounds.uasset" 267
"../../../Engine/Content/Functions/Engine_MaterialFunctions02/ObjectLocalBounds.uexp" 268
"../../../Engine/Content/Functions/Engine_MaterialFunctions02/Utility/BreakOutFloat3Components.uasset" 269
"../../../Engine/Content/Functions/Engine_MaterialFunctions02/Utility/BreakOutFloat3Components.uexp" 270
"../../../Engine/Content/Functions/Engine_MaterialFunctions02/UVs/BoundingBoxBased_0-1_UVW.uasset" 271
"../../../Engine/Content/Functions/Engine_MaterialFunctions02/UVs/BoundingBoxBased_0-1_UVW.uexp" 272
"../../../Engine/Content/Functions/Engine_MaterialFunctions02/Utility/VectorLength.uasset" 273
"../../../Engine/Content/Functions/Engine_MaterialFunctions02/Utility/VectorLength.uexp" 274
"../../../Engine/Plugins/Editor/SpeedTreeImporter/Content/SpeedTree9/UnpackInteger3.uasset" 275
"../../../Engine/Plugins/Editor/SpeedTreeImporter/Content/SpeedTree9/UnpackInteger3.uexp" 276
"../../../Engine/Plugins/Editor/SpeedTreeImporter/Content/SpeedTree9/SpeedTreeCameraFacing.uasset" 277
"../../../Engine/Plugins/Editor/SpeedTreeImporter/Content/SpeedTree9/SpeedTreeCameraFacing.uexp" 278
"../../../Engine/Content/Functions/Engine_MaterialFunctions02/WorldPositionOffset/ObjectScale.uasset" 279
"../../../Engine/Content/Functions/Engine_MaterialFunctions02/WorldPositionOffset/ObjectScale.uexp" 280
"../../../Engine/Content/Functions/Engine_MaterialFunctions02/SafeNormalize.uasset" 281
"../../../Engine/Content/Functions/Engine_MaterialFunctions02/SafeNormalize.uexp" 282
"../../../Engine/Plugins/Editor/SpeedTreeImporter/Content/SpeedTree9/SpeedTreeWindMotion.uasset" 283
"../../../Engine/Plugins/Editor/SpeedTreeImporter/Content/SpeedTree9/SpeedTreeWindMotion.uexp" 284
"../../../Engine/Plugins/Editor/SpeedTreeImporter/Content/SpeedTree9/SpeedTreeBranchMotion.uasset" 285
"../../../Engine/Plugins/Editor/SpeedTreeImporter/Content/SpeedTree9/SpeedTreeBranchMotion.uexp" 286
"../../../Engine/Plugins/Editor/SpeedTreeImporter/Content/SpeedTree9/SpeedTreeWind.uasset" 287
"../../../Engine/Plugins/Editor/SpeedTreeImporter/Content/SpeedTree9/SpeedTreeWind.uexp" 288
"../../../Engine/Plugins/Editor/SpeedTreeImporter/Content/SpeedTree9/EmptyNormal.uasset" 289
"../../../Engine/Plugins/Editor/SpeedTreeImporter/Content/SpeedTree9/EmptyNormal.uexp" 290
"../../../Engine/Plugins/Editor/SpeedTreeImporter/Content/SpeedTree9/Empty.uasset" 291
"../../../Engine/Plugins/Editor/SpeedTreeImporter/Content/SpeedTree9/Empty.uexp" 292
"../../../Engine/Plugins/Editor/SpeedTreeImporter/Content/SpeedTree9/SpeedTreeMaster.uasset" 293
"../../../Engine/Plugins/Editor/SpeedTreeImporter/Content/SpeedTree9/SpeedTreeMaster.uexp" 294
"../../../Engine/Plugins/Editor/SpeedTreeImporter/Content/SpeedTree9/SpeedTreeBillboard.uasset" 295
"../../../Engine/Plugins/Editor/SpeedTreeImporter/Content/SpeedTree9/SpeedTreeBillboard.uexp" 296
"../../../Engine/Plugins/Editor/SpeedTreeImporter/Content/SpeedTree9/SpeedTreeBillboardMaster.uasset" 297
"../../../Engine/Plugins/Editor/SpeedTreeImporter/Content/SpeedTree9/SpeedTreeBillboardMaster.uexp" 298
"../../../Engine/Plugins/Animation/ControlRig/Content/Controls/ControlRig_Pyramid_3mm.ubulk" 299
"../../../Engine/Plugins/Animation/ControlRig/Content/Controls/ControlRig_Pyramid_3mm.uasset" 300
"../../../Engine/Plugins/Animation/ControlRig/Content/Controls/ControlRig_Pyramid_3mm.uexp" 301
"../../../Engine/Plugins/Animation/ControlRig/Content/Controls/ControlRig_Pyramid_1mm.ubulk" 302
"../../../Engine/Plugins/Animation/ControlRig/Content/Controls/ControlRig_Pyramid_1mm.uasset" 303
"../../../Engine/Plugins/Animation/ControlRig/Content/Controls/ControlRig_Pyramid_1mm.uexp" 304
"../../../Engine/Plugins/Animation/ControlRig/Content/Controls/ControlRig_Octagon_solid.ubulk" 305
"../../../Engine/Plugins/Animation/ControlRig/Content/Controls/ControlRig_Octagon_solid.uasset" 306
"../../../Engine/Plugins/Animation/ControlRig/Content/Controls/ControlRig_Octagon_solid.uexp" 307
"../../../Engine/Plugins/Animation/ControlRig/Content/Controls/ControlRig_Octagon_3mm.ubulk" 308
"../../../Engine/Plugins/Animation/ControlRig/Content/Controls/ControlRig_Octagon_3mm.uasset" 309
"../../../Engine/Plugins/Animation/ControlRig/Content/Controls/ControlRig_Octagon_3mm.uexp" 310
"../../../Engine/Plugins/Animation/ControlRig/Content/Controls/ControlRig_Octagon_1mm.ubulk" 311
"../../../Engine/Plugins/Animation/ControlRig/Content/Controls/ControlRig_Octagon_1mm.uasset" 312
"../../../Engine/Plugins/Animation/ControlRig/Content/Controls/ControlRig_Octagon_1mm.uexp" 313
"../../../Engine/Plugins/Animation/ControlRig/Content/Controls/ControlRig_Hexagon_solid.ubulk" 314
"../../../Engine/Plugins/Animation/ControlRig/Content/Controls/ControlRig_Hexagon_solid.uasset" 315
"../../../Engine/Plugins/Animation/ControlRig/Content/Controls/ControlRig_Hexagon_solid.uexp" 316
"../../../Engine/Plugins/Animation/ControlRig/Content/Controls/ControlRig_Hexagon_3mm.ubulk" 317
"../../../Engine/Plugins/Animation/ControlRig/Content/Controls/ControlRig_Hexagon_3mm.uasset" 318
"../../../Engine/Plugins/Animation/ControlRig/Content/Controls/ControlRig_Hexagon_3mm.uexp" 319
"../../../Engine/Plugins/Animation/ControlRig/Content/Controls/ControlRig_Hexagon_1mm.ubulk" 320
"../../../Engine/Plugins/Animation/ControlRig/Content/Controls/ControlRig_Hexagon_1mm.uasset" 321
"../../../Engine/Plugins/Animation/ControlRig/Content/Controls/ControlRig_Hexagon_1mm.uexp" 322
"../../../Engine/Plugins/Animation/ControlRig/Content/Controls/ControlRig_HalfCircle_solid.ubulk" 323
"../../../Engine/Plugins/Animation/ControlRig/Content/Controls/ControlRig_HalfCircle_solid.uasset" 324
"../../../Engine/Plugins/Animation/ControlRig/Content/Controls/ControlRig_HalfCircle_solid.uexp" 325
"../../../Engine/Plugins/Animation/ControlRig/Content/Controls/ControlRig_HalfCircle_3mm.ubulk" 326
"../../../Engine/Plugins/Animation/ControlRig/Content/Controls/ControlRig_HalfCircle_3mm.uasset" 327
"../../../Engine/Plugins/Animation/ControlRig/Content/Controls/ControlRig_HalfCircle_3mm.uexp" 328
"../../../Engine/Plugins/Animation/ControlRig/Content/Controls/ControlRig_HalfCircle_1mm.ubulk" 329
"../../../Engine/Plugins/Animation/ControlRig/Content/Controls/ControlRig_HalfCircle_1mm.uasset" 330
"../../../Engine/Plugins/Animation/ControlRig/Content/Controls/ControlRig_HalfCircle_1mm.uexp" 331
"../../../Engine/Plugins/Animation/ControlRig/Content/Controls/ControlRig_Diamond_solid.ubulk" 332
"../../../Engine/Plugins/Animation/ControlRig/Content/Controls/ControlRig_Diamond_solid.uasset" 333
"../../../Engine/Plugins/Animation/ControlRig/Content/Controls/ControlRig_Diamond_solid.uexp" 334
"../../../Engine/Plugins/Animation/ControlRig/Content/Controls/ControlRig_Diamond_3mm.ubulk" 335
"../../../Engine/Plugins/Animation/ControlRig/Content/Controls/ControlRig_Diamond_3mm.uasset" 336
"../../../Engine/Plugins/Animation/ControlRig/Content/Controls/ControlRig_Diamond_3mm.uexp" 337
"../../../Engine/Plugins/Animation/ControlRig/Content/Controls/ControlRig_Diamond_1mm.ubulk" 338
"../../../Engine/Plugins/Animation/ControlRig/Content/Controls/ControlRig_Diamond_1mm.uasset" 339
"../../../Engine/Plugins/Animation/ControlRig/Content/Controls/ControlRig_Diamond_1mm.uexp" 340
"../../../Engine/Plugins/Animation/ControlRig/Content/Controls/ControlRig_Circle_solid.ubulk" 341
"../../../Engine/Plugins/Animation/ControlRig/Content/Controls/ControlRig_Circle_solid.uasset" 342
"../../../Engine/Plugins/Animation/ControlRig/Content/Controls/ControlRig_Circle_solid.uexp" 343
"../../../Engine/Plugins/Animation/ControlRig/Content/Controls/ControlRig_Circle_3mm.ubulk" 344
"../../../Engine/Plugins/Animation/ControlRig/Content/Controls/ControlRig_Circle_3mm.uasset" 345
"../../../Engine/Plugins/Animation/ControlRig/Content/Controls/ControlRig_Circle_3mm.uexp" 346
"../../../Engine/Plugins/Animation/ControlRig/Content/Controls/ControlRig_Circle_1mm.ubulk" 347
"../../../Engine/Plugins/Animation/ControlRig/Content/Controls/ControlRig_Circle_1mm.uasset" 348
"../../../Engine/Plugins/Animation/ControlRig/Content/Controls/ControlRig_Circle_1mm.uexp" 349
"../../../Engine/Plugins/Animation/ControlRig/Content/Controls/ControlRig_Box_solid.ubulk" 350
"../../../Engine/Plugins/Animation/ControlRig/Content/Controls/ControlRig_Box_solid.uasset" 351
"../../../Engine/Plugins/Animation/ControlRig/Content/Controls/ControlRig_Box_solid.uexp" 352
"../../../Engine/Plugins/Animation/ControlRig/Content/Controls/ControlRig_Box_3mm.ubulk" 353
"../../../Engine/Plugins/Animation/ControlRig/Content/Controls/ControlRig_Box_3mm.uasset" 354
"../../../Engine/Plugins/Animation/ControlRig/Content/Controls/ControlRig_Box_3mm.uexp" 355
"../../../Engine/Plugins/Animation/ControlRig/Content/Controls/ControlRig_Box_1mm.ubulk" 356
"../../../Engine/Plugins/Animation/ControlRig/Content/Controls/ControlRig_Box_1mm.uasset" 357
"../../../Engine/Plugins/Animation/ControlRig/Content/Controls/ControlRig_Box_1mm.uexp" 358
"../../../Engine/Plugins/Animation/ControlRig/Content/Controls/ControlRig_Arrow_solid.ubulk" 359
"../../../Engine/Plugins/Animation/ControlRig/Content/Controls/ControlRig_Arrow_solid.uasset" 360
"../../../Engine/Plugins/Animation/ControlRig/Content/Controls/ControlRig_Arrow_solid.uexp" 361
"../../../Engine/Plugins/Animation/ControlRig/Content/Controls/ControlRig_Arrow_3mm.ubulk" 362
"../../../Engine/Plugins/Animation/ControlRig/Content/Controls/ControlRig_Arrow_3mm.uasset" 363
"../../../Engine/Plugins/Animation/ControlRig/Content/Controls/ControlRig_Arrow_3mm.uexp" 364
"../../../Engine/Plugins/Animation/ControlRig/Content/Controls/ControlRig_Arrow_1mm.ubulk" 365
"../../../Engine/Plugins/Animation/ControlRig/Content/Controls/ControlRig_Arrow_1mm.uasset" 366
"../../../Engine/Plugins/Animation/ControlRig/Content/Controls/ControlRig_Arrow_1mm.uexp" 367
"../../../Engine/Plugins/Animation/ControlRig/Content/Controls/ControlRig_Arrow4_solid.ubulk" 368
"../../../Engine/Plugins/Animation/ControlRig/Content/Controls/ControlRig_Arrow4_solid.uasset" 369
"../../../Engine/Plugins/Animation/ControlRig/Content/Controls/ControlRig_Arrow4_solid.uexp" 370
"../../../Engine/Plugins/Animation/ControlRig/Content/Controls/ControlRig_Arrow4_3mm.ubulk" 371
"../../../Engine/Plugins/Animation/ControlRig/Content/Controls/ControlRig_Arrow4_3mm.uasset" 372
"../../../Engine/Plugins/Animation/ControlRig/Content/Controls/ControlRig_Arrow4_3mm.uexp" 373
"../../../Engine/Plugins/Animation/ControlRig/Content/Controls/ControlRig_Arrow4_1mm.ubulk" 374
"../../../Engine/Plugins/Animation/ControlRig/Content/Controls/ControlRig_Arrow4_1mm.uasset" 375
"../../../Engine/Plugins/Animation/ControlRig/Content/Controls/ControlRig_Arrow4_1mm.uexp" 376
"../../../Engine/Plugins/Animation/ControlRig/Content/Controls/ControlRig_Arrow2_solid.ubulk" 377
"../../../Engine/Plugins/Animation/ControlRig/Content/Controls/ControlRig_Arrow2_solid.uasset" 378
"../../../Engine/Plugins/Animation/ControlRig/Content/Controls/ControlRig_Arrow2_solid.uexp" 379
"../../../Engine/Plugins/Animation/ControlRig/Content/Controls/ControlRig_Arrow2_3mm.ubulk" 380
"../../../Engine/Plugins/Animation/ControlRig/Content/Controls/ControlRig_Arrow2_3mm.uasset" 381
"../../../Engine/Plugins/Animation/ControlRig/Content/Controls/ControlRig_Arrow2_3mm.uexp" 382
"../../../Engine/Plugins/Animation/ControlRig/Content/Controls/ControlRig_Arrow2_1mm.ubulk" 383
"../../../Engine/Plugins/Animation/ControlRig/Content/Controls/ControlRig_Arrow2_1mm.uasset" 384
"../../../Engine/Plugins/Animation/ControlRig/Content/Controls/ControlRig_Arrow2_1mm.uexp" 385
"../../../Engine/Plugins/Animation/ControlRig/Content/Controls/ControlRigXRayMaterial.uasset" 386
"../../../Engine/Plugins/Animation/ControlRig/Content/Controls/ControlRigXRayMaterial.uexp" 387
"../../../Engine/Plugins/Animation/ControlRig/Content/Controls/ControlRigGizmoMaterial.uasset" 388
"../../../Engine/Plugins/Animation/ControlRig/Content/Controls/ControlRigGizmoMaterial.uexp" 389
"../../../Engine/Content/EngineSounds/Master.uasset" 390
"../../../Engine/Content/EngineSounds/Master.uexp" 391
"../../../Engine/Content/EngineMaterials/DefaultCalibrationGrayscale.uasset" 392
"../../../Engine/Content/EngineMaterials/DefaultCalibrationGrayscale.uexp" 393
"../../../Engine/Content/EngineMaterials/PPM_DefaultCalibrationGrayscale.uasset" 394
"../../../Engine/Content/EngineMaterials/PPM_DefaultCalibrationGrayscale.uexp" 395
"../../../Engine/Content/EngineMaterials/DefaultCalibrationColor.uasset" 396
"../../../Engine/Content/EngineMaterials/DefaultCalibrationColor.uexp" 397
"../../../Engine/Content/EngineMaterials/PPM_DefaultCalibrationColor.uasset" 398
"../../../Engine/Content/EngineMaterials/PPM_DefaultCalibrationColor.uexp" 399
"../../../Engine/Content/EngineMaterials/PhAT_JointLimitMaterial.uasset" 400
"../../../Engine/Content/EngineMaterials/PhAT_JointLimitMaterial.uexp" 401
"../../../Engine/Content/EngineMaterials/NaniteHiddenSectionMaterial.uasset" 402
"../../../Engine/Content/EngineMaterials/NaniteHiddenSectionMaterial.uexp" 403
"../../../Engine/Content/EngineMaterials/InvalidLightmapSettings.ubulk" 404
"../../../Engine/Content/EngineMaterials/InvalidLightmapSettings.uasset" 405
"../../../Engine/Content/EngineMaterials/InvalidLightmapSettings.uexp" 406
"../../../Engine/Content/EngineMaterials/M_InvalidLightmapSettings.uasset" 407
"../../../Engine/Content/EngineMaterials/M_InvalidLightmapSettings.uexp" 408
"../../../Engine/Content/EngineMaterials/GizmoMaterial.uasset" 409
"../../../Engine/Content/EngineMaterials/GizmoMaterial.uexp" 410
"../../../Engine/Content/EngineMaterials/BaseFlattenEmissiveMap_VT.uasset" 411
"../../../Engine/Content/EngineMaterials/BaseFlattenEmissiveMap_VT.uexp" 412
"../../../Engine/Content/EngineMaterials/BaseFlattenGrayscaleMap_VT.uasset" 413
"../../../Engine/Content/EngineMaterials/BaseFlattenGrayscaleMap_VT.uexp" 414
"../../../Engine/Content/EngineMaterials/BaseFlattenLinearColor_VT.uasset" 415
"../../../Engine/Content/EngineMaterials/BaseFlattenLinearColor_VT.uexp" 416
"../../../Engine/Content/EngineMaterials/Black_1x1_EXR_Texture_VT.uasset" 417
"../../../Engine/Content/EngineMaterials/Black_1x1_EXR_Texture_VT.uexp" 418
"../../../Engine/Content/EngineMaterials/BaseFlattenDiffuseMap_VT.uasset" 419
"../../../Engine/Content/EngineMaterials/BaseFlattenDiffuseMap_VT.uexp" 420
"../../../Engine/Content/EngineMaterials/BaseFlattenNormalMap_VT.uasset" 421
"../../../Engine/Content/EngineMaterials/BaseFlattenNormalMap_VT.uexp" 422
"../../../Engine/Content/EngineMaterials/FlattenMaterial_WS_Normal_VT.uasset" 423
"../../../Engine/Content/EngineMaterials/FlattenMaterial_WS_Normal_VT.uexp" 424
"../../../Engine/Content/EngineMaterials/FlattenMaterial_VT.uasset" 425
"../../../Engine/Content/EngineMaterials/FlattenMaterial_VT.uexp" 426
"../../../Engine/Content/EngineMaterials/BaseFlattenNormalMap.uasset" 427
"../../../Engine/Content/EngineMaterials/BaseFlattenNormalMap.uexp" 428
"../../../Engine/Content/EngineMaterials/BaseFlattenGrayscaleMap.uasset" 429
"../../../Engine/Content/EngineMaterials/BaseFlattenGrayscaleMap.uexp" 430
"../../../Engine/Content/EngineMaterials/BaseFlattenDiffuseMap.uasset" 431
"../../../Engine/Content/EngineMaterials/BaseFlattenDiffuseMap.uexp" 432
"../../../Engine/Content/Functions/Engine_MaterialFunctions02/PivotPainter2/Black_1x1_EXR_Texture.uasset" 433
"../../../Engine/Content/Functions/Engine_MaterialFunctions02/PivotPainter2/Black_1x1_EXR_Texture.uexp" 434
"../../../Engine/Content/EngineMaterials/BaseFlattenEmissiveMap.uasset" 435
"../../../Engine/Content/EngineMaterials/BaseFlattenEmissiveMap.uexp" 436
"../../../Engine/Content/EngineMaterials/BaseFlattenLinearColor.uasset" 437
"../../../Engine/Content/EngineMaterials/BaseFlattenLinearColor.uexp" 438
"../../../Engine/Content/EngineMaterials/FlattenMaterial.uasset" 439
"../../../Engine/Content/EngineMaterials/FlattenMaterial.uexp" 440
"../../../Engine/Content/EngineMaterials/DefaultWhiteGrid_Low.uasset" 441
"../../../Engine/Content/EngineMaterials/DefaultWhiteGrid_Low.uexp" 442
"../../../Engine/Content/EngineMaterials/EmissiveMeshMaterial.uasset" 443
"../../../Engine/Content/EngineMaterials/EmissiveMeshMaterial.uexp" 444
"../../../Engine/Content/EngineFonts/RobotoDistanceField.uasset" 445
"../../../Engine/Content/EngineFonts/RobotoDistanceField.uexp" 446
"../../../Engine/Content/EngineMaterials/DefaultTextMaterialOpaque.uasset" 447
"../../../Engine/Content/EngineMaterials/DefaultTextMaterialOpaque.uexp" 448
"../../../Engine/Content/EngineMaterials/DefaultDiffuse.ubulk" 449
"../../../Engine/Content/EngineMaterials/DefaultDiffuse.uasset" 450
"../../../Engine/Content/EngineMaterials/DefaultDiffuse.uexp" 451
"../../../Engine/Content/Functions/Engine_MaterialFunctions02/Utility/BreakOutFloat2Components.uasset" 452
"../../../Engine/Content/Functions/Engine_MaterialFunctions02/Utility/BreakOutFloat2Components.uexp" 453
"../../../Engine/Content/EngineMaterials/DefaultPostProcessMaterial.uasset" 454
"../../../Engine/Content/EngineMaterials/DefaultPostProcessMaterial.uexp" 455
"../../../Engine/Content/EngineMaterials/DefaultPhysicalMaterial.uasset" 456
"../../../Engine/Content/EngineMaterials/DefaultPhysicalMaterial.uexp" 457
"../../../Engine/Content/EngineMaterials/DefaultLightFunctionMaterial.uasset" 458
"../../../Engine/Content/EngineMaterials/DefaultLightFunctionMaterial.uexp" 459
"../../../Engine/Content/EngineMaterials/DefaultDestructiblePhysicalMaterial.uasset" 460
"../../../Engine/Content/EngineMaterials/DefaultDestructiblePhysicalMaterial.uexp" 461
"../../../Engine/Content/EngineMaterials/DefaultDeferredDecalMaterial.uasset" 462
"../../../Engine/Content/EngineMaterials/DefaultDeferredDecalMaterial.uexp" 463
"../../../Engine/Content/EngineMaterials/DefaultBloomKernel.uasset" 464
"../../../Engine/Content/EngineMaterials/DefaultBloomKernel.uexp" 465
"../../../Engine/Content/EngineFonts/Faces/RobotoLight.uexp" 466
"../../../Engine/Content/EngineFonts/Faces/RobotoLight.uasset" 467
"../../../Engine/Content/EngineFonts/Faces/RobotoLight.ufont" 468
"../../../Engine/Content/EngineFonts/Faces/RobotoBold.uexp" 469
"../../../Engine/Content/EngineFonts/Faces/RobotoBold.uasset" 470
"../../../Engine/Content/EngineFonts/Faces/RobotoBold.ufont" 471
"../../../Engine/Content/EngineFonts/Faces/RobotoRegular.uexp" 472
"../../../Engine/Content/EngineFonts/Faces/RobotoRegular.uasset" 473
"../../../Engine/Content/EngineFonts/Faces/RobotoRegular.ufont" 474
"../../../Engine/Content/EngineFonts/Faces/DroidSansFallback.uexp" 475
"../../../Engine/Content/EngineFonts/Faces/DroidSansFallback.uasset" 476
"../../../Engine/Content/EngineFonts/Faces/DroidSansFallback.ufont" 477
"../../../Engine/Content/EngineFonts/Faces/RobotoItalic.uexp" 478
"../../../Engine/Content/EngineFonts/Faces/RobotoItalic.uasset" 479
"../../../Engine/Content/EngineFonts/Faces/RobotoItalic.ufont" 480
"../../../Engine/Content/EngineFonts/Faces/RobotoBoldItalic.uexp" 481
"../../../Engine/Content/EngineFonts/Faces/RobotoBoldItalic.uasset" 482
"../../../Engine/Content/EngineFonts/Faces/RobotoBoldItalic.ufont" 483
"../../../Engine/Content/EngineFonts/Roboto.uasset" 484
"../../../Engine/Content/EngineFonts/Roboto.uexp" 485
"../../../Engine/Content/Functions/Engine_MaterialFunctions02/Utility/CameraDirectionVector.uasset" 486
"../../../Engine/Content/Functions/Engine_MaterialFunctions02/Utility/CameraDirectionVector.uexp" 487
"../../../Engine/Content/EngineDebugMaterials/VolumeToRender.uasset" 488
"../../../Engine/Content/EngineDebugMaterials/VolumeToRender.uexp" 489
"../../../Engine/Content/EngineDebugMaterials/M_VolumeRenderSphereTracePP.uasset" 490
"../../../Engine/Content/EngineDebugMaterials/M_VolumeRenderSphereTracePP.uexp" 491
"../../../Engine/Content/EngineDebugMaterials/M_SimpleUnlitTranslucent.uasset" 492
"../../../Engine/Content/EngineDebugMaterials/M_SimpleUnlitTranslucent.uexp" 493
"../../../Engine/Content/EngineDebugMaterials/DebugMeshMaterial.uasset" 494
"../../../Engine/Content/EngineDebugMaterials/DebugMeshMaterial.uexp" 495
"../../../Engine/Content/EngineDebugMaterials/DebugEditorMaterial.uasset" 496
"../../../Engine/Content/EngineDebugMaterials/DebugEditorMaterial.uexp" 497
"../../../Engine/Content/EngineDamageTypes/DmgTypeBP_Environmental.uasset" 498
"../../../Engine/Content/EngineDamageTypes/DmgTypeBP_Environmental.uexp" 499
"../../../Engine/Content/EditorResources/EmptyActor.uasset" 500
"../../../Engine/Content/EditorResources/EmptyActor.uexp" 501
"../../../Engine/Content/EditorResources/BSPVertex.uasset" 502
"../../../Engine/Content/EditorResources/BSPVertex.uexp" 503
"../../../Engine/Content/EditorMaterials/PreviewShadowIndicator.ubulk" 504
"../../../Engine/Content/EditorMaterials/PreviewShadowIndicator.uasset" 505
"../../../Engine/Content/EditorMaterials/PreviewShadowIndicator.uexp" 506
"../../../Engine/Content/EditorMaterials/PreviewShadowIndicatorMaterial.uasset" 507
"../../../Engine/Content/EditorMaterials/PreviewShadowIndicatorMaterial.uexp" 508
"../../../Engine/Content/EditorMaterials/PhAT_UnselectedMaterial.uasset" 509
"../../../Engine/Content/EditorMaterials/PhAT_UnselectedMaterial.uexp" 510
"../../../Engine/Content/EditorMaterials/PhAT_NoCollisionMaterial.uasset" 511
"../../../Engine/Content/EditorMaterials/PhAT_NoCollisionMaterial.uexp" 512
"../../../Engine/Content/EditorLandscapeResources/DefaultAlphaTexture.uasset" 513
"../../../Engine/Content/EditorLandscapeResources/DefaultAlphaTexture.uexp" 514
"../../../Engine/Content/EditorLandscapeResources/DataLayer.uasset" 515
"../../../Engine/Content/EditorLandscapeResources/DataLayer.uexp" 516
"../../../Engine/Content/BasicShapes/Cone.ubulk" 517
"../../../Engine/Content/BasicShapes/Cone.uasset" 518
"../../../Engine/Content/BasicShapes/Cone.uexp" 519
"../../../Engine/Content/MobileResources/HUD/VirtualJoystick_Background.uasset" 520
"../../../Engine/Content/MobileResources/HUD/VirtualJoystick_Background.uexp" 521
"../../../Engine/Content/MobileResources/HUD/VirtualJoystick_Thumb.uasset" 522
"../../../Engine/Content/MobileResources/HUD/VirtualJoystick_Thumb.uexp" 523
"../../../Engine/Content/MobileResources/HUD/DefaultVirtualJoysticks.uasset" 524
"../../../Engine/Content/MobileResources/HUD/DefaultVirtualJoysticks.uexp" 525
"C:/Users/atrix/OneDrive/Documents/Unreal Projects/MazeRunner/Content/UI/BPI_ServerSettings.uasset" 526
"C:/Users/atrix/OneDrive/Documents/Unreal Projects/MazeRunner/Content/UI/BPI_ServerSettings.uexp" 527
"C:/Users/atrix/OneDrive/Documents/Unreal Projects/MazeRunner/Content/UI/Menus/WB_CreateGame.uasset" 528
"C:/Users/atrix/OneDrive/Documents/Unreal Projects/MazeRunner/Content/UI/Menus/WB_CreateGame.uexp" 529
"C:/Users/atrix/OneDrive/Documents/Unreal Projects/MazeRunner/Content/UI/Menus/WB_ServerBrowser_Item.uasset" 530
"C:/Users/atrix/OneDrive/Documents/Unreal Projects/MazeRunner/Content/UI/Menus/WB_ServerBrowser_Item.uexp" 531
"../../../Engine/Content/EditorBlueprintResources/StandardMacros.uasset" 532
"../../../Engine/Content/EditorBlueprintResources/StandardMacros.uexp" 533
"C:/Users/atrix/OneDrive/Documents/Unreal Projects/MazeRunner/Content/UI/Menus/WB_ServerBrowser.uasset" 534
"C:/Users/atrix/OneDrive/Documents/Unreal Projects/MazeRunner/Content/UI/Menus/WB_ServerBrowser.uexp" 535
"C:/Users/atrix/OneDrive/Documents/Unreal Projects/MazeRunner/Content/UI/Menus/MainMenu/WB_MainMenu.uasset" 536
"C:/Users/atrix/OneDrive/Documents/Unreal Projects/MazeRunner/Content/UI/Menus/MainMenu/WB_MainMenu.uexp" 537
"../../../Engine/Content/EngineSky/VolumetricClouds/CloudWeatherTexture.uasset" 538
"../../../Engine/Content/EngineSky/VolumetricClouds/CloudWeatherTexture.uexp" 539
"../../../Engine/Content/Functions/Engine_MaterialFunctions02/Utility/MakeFloat2.uasset" 540
"../../../Engine/Content/Functions/Engine_MaterialFunctions02/Utility/MakeFloat2.uexp" 541
"../../../Engine/Content/EngineSky/VolumetricClouds/CloudGradientTexture.uasset" 542
"../../../Engine/Content/EngineSky/VolumetricClouds/CloudGradientTexture.uexp" 543
"../../../Engine/Content/EngineSky/VolumetricClouds/T_NoiseShape64.ubulk" 544
"../../../Engine/Content/EngineSky/VolumetricClouds/T_NoiseShape64.uasset" 545
"../../../Engine/Content/EngineSky/VolumetricClouds/T_NoiseShape64.uexp" 546
"../../../Engine/Content/EngineSky/VolumetricClouds/T_VolumeNoiseShape64.uasset" 547
"../../../Engine/Content/EngineSky/VolumetricClouds/T_VolumeNoiseShape64.uexp" 548
"../../../Engine/Content/EngineSky/VolumetricClouds/T_NoiseErosion.ubulk" 549
"../../../Engine/Content/EngineSky/VolumetricClouds/T_NoiseErosion.uasset" 550
"../../../Engine/Content/EngineSky/VolumetricClouds/T_NoiseErosion.uexp" 551
"../../../Engine/Content/EngineSky/VolumetricClouds/T_VolumeNoiseErosion32.uasset" 552
"../../../Engine/Content/EngineSky/VolumetricClouds/T_VolumeNoiseErosion32.uexp" 553
"../../../Engine/Content/EngineSky/VolumetricClouds/m_SimpleVolumetricCloud.uasset" 554
"../../../Engine/Content/EngineSky/VolumetricClouds/m_SimpleVolumetricCloud.uexp" 555
"../../../Engine/Content/EngineSky/VolumetricClouds/m_SimpleVolumetricCloud_Inst.uasset" 556
"../../../Engine/Content/EngineSky/VolumetricClouds/m_SimpleVolumetricCloud_Inst.uexp" 557
"../../../Engine/Content/EngineResources/FilmGrains/Marcie_Grain_v3_128_M2_000.uasset" 558
"../../../Engine/Content/EngineResources/FilmGrains/Marcie_Grain_v3_128_M2_000.uexp" 559
"../../../Engine/Content/EditorResources/SequenceRecorder/RecordingIndicator.uasset" 560
"../../../Engine/Content/EditorResources/SequenceRecorder/RecordingIndicator.uexp" 561
"../../../Engine/Content/EditorResources/SequenceRecorder/Countdown.uasset" 562
"../../../Engine/Content/EditorResources/SequenceRecorder/Countdown.uexp" 563
"../../../Engine/Content/Functions/Engine_MaterialFunctions01/Shading/PowerToRoughness.uasset" 564
"../../../Engine/Content/Functions/Engine_MaterialFunctions01/Shading/PowerToRoughness.uexp" 565
"../../../Engine/Content/Functions/Engine_MaterialFunctions01/Shading/ConvertFromDiffSpec.uasset" 566
"../../../Engine/Content/Functions/Engine_MaterialFunctions01/Shading/ConvertFromDiffSpec.uexp" 567
"../../../Engine/Content/Maps/Entry_BuiltData.uasset" 568
"../../../Engine/Content/Maps/Entry_BuiltData.uexp" 569
"../../../Engine/Content/Maps/Entry.uexp" 570
"../../../Engine/Content/Maps/Entry.umap" 571
"../../../Engine/Content/EngineMaterials/BlendFunc_DefBlend.uasset" 572
"../../../Engine/Content/EngineMaterials/BlendFunc_DefBlend.uexp" 573
"../../../Engine/Content/EngineMaterials/BlendFunc_DefBase.uasset" 574
"../../../Engine/Content/EngineMaterials/BlendFunc_DefBase.uexp" 575
"../../../Engine/Content/Functions/Engine_MaterialFunctions03/Blends/Blend_Overlay.uasset" 576
"../../../Engine/Content/Functions/Engine_MaterialFunctions03/Blends/Blend_Overlay.uexp" 577
"../../../Engine/Content/OpenWorldTemplate/LandscapeMaterial/T_GridChecker_A.ubulk" 578
"../../../Engine/Content/OpenWorldTemplate/LandscapeMaterial/T_GridChecker_A.uasset" 579
"../../../Engine/Content/OpenWorldTemplate/LandscapeMaterial/T_GridChecker_A.uexp" 580
"../../../Engine/Content/Functions/Engine_MaterialFunctions02/Utility/MakeFloat3.uasset" 581
"../../../Engine/Content/Functions/Engine_MaterialFunctions02/Utility/MakeFloat3.uexp" 582
"../../../Engine/Content/Functions/Engine_MaterialFunctions01/Gradient/LinearGradient.uasset" 583
"../../../Engine/Content/Functions/Engine_MaterialFunctions01/Gradient/LinearGradient.uexp" 584
"../../../Engine/Content/Functions/Engine_MaterialFunctions01/ImageAdjustment/CheapContrast.uasset" 585
"../../../Engine/Content/Functions/Engine_MaterialFunctions01/ImageAdjustment/CheapContrast.uexp" 586
"../../../Engine/Content/OpenWorldTemplate/LandscapeMaterial/MF_ProcGrid.uasset" 587
"../../../Engine/Content/OpenWorldTemplate/LandscapeMaterial/MF_ProcGrid.uexp" 588
"../../../Engine/Content/OpenWorldTemplate/LandscapeMaterial/M_ProcGrid.uasset" 589
"../../../Engine/Content/OpenWorldTemplate/LandscapeMaterial/M_ProcGrid.uexp" 590
"../../../Engine/Content/OpenWorldTemplate/LandscapeMaterial/MI_ProcGrid.uasset" 591
"../../../Engine/Content/OpenWorldTemplate/LandscapeMaterial/MI_ProcGrid.uexp" 592
"C:/Users/atrix/OneDrive/Documents/Unreal Projects/MazeRunner/Content/Props/Components/BP_InteractionComponent.uasset" 593
"C:/Users/atrix/OneDrive/Documents/Unreal Projects/MazeRunner/Content/Props/Components/BP_InteractionComponent.uexp" 594
"../../../Engine/Content/BasicShapes/Cube.ubulk" 595
"../../../Engine/Content/BasicShapes/Cube.uasset" 596
"../../../Engine/Content/BasicShapes/Cube.uexp" 597
"C:/Users/atrix/OneDrive/Documents/Unreal Projects/MazeRunner/Content/Character/Input/BPI_Interact.uasset" 598
"C:/Users/atrix/OneDrive/Documents/Unreal Projects/MazeRunner/Content/Character/Input/BPI_Interact.uexp" 599
"../../../Engine/Content/BasicShapes/BasicShapeMaterial.uasset" 600
"../../../Engine/Content/BasicShapes/BasicShapeMaterial.uexp" 601
"C:/Users/atrix/OneDrive/Documents/Unreal Projects/MazeRunner/Content/Props/BP_TestInteractObject.uasset" 602
"C:/Users/atrix/OneDrive/Documents/Unreal Projects/MazeRunner/Content/Props/BP_TestInteractObject.uexp" 603
"../../../Engine/Content/EngineSky/T_Sky_Stars.ubulk" 604
"../../../Engine/Content/EngineSky/T_Sky_Stars.uasset" 605
"../../../Engine/Content/EngineSky/T_Sky_Stars.uexp" 606
"../../../Engine/Content/EngineSky/T_Sky_Clouds_M.ubulk" 607
"../../../Engine/Content/EngineSky/T_Sky_Clouds_M.uasset" 608
"../../../Engine/Content/EngineSky/T_Sky_Clouds_M.uexp" 609
"../../../Engine/Content/EngineSky/T_Sky_Blue.ubulk" 610
"../../../Engine/Content/EngineSky/T_Sky_Blue.uasset" 611
"../../../Engine/Content/EngineSky/T_Sky_Blue.uexp" 612
"../../../Engine/Content/EngineSky/M_Sky_Panning_Clouds2.uasset" 613
"../../../Engine/Content/EngineSky/M_Sky_Panning_Clouds2.uexp" 614
"../../../Engine/Content/EngineSky/SM_SkySphere.ubulk" 615
"../../../Engine/Content/EngineSky/SM_SkySphere.uasset" 616
"../../../Engine/Content/EngineSky/SM_SkySphere.uexp" 617
"C:/Users/atrix/OneDrive/Documents/Unreal Projects/MazeRunner/Content/Props/BP_TestInteraction.uasset" 618
"C:/Users/atrix/OneDrive/Documents/Unreal Projects/MazeRunner/Content/Props/BP_TestInteraction.uexp" 619
"../../../Engine/Content/MapTemplates/SM_Template_Map_Floor.ubulk" 620
"../../../Engine/Content/MapTemplates/SM_Template_Map_Floor.uasset" 621
"../../../Engine/Content/MapTemplates/SM_Template_Map_Floor.uexp" 622
"C:/Users/atrix/OneDrive/Documents/Unreal Projects/MazeRunner/Content/Character/Input/InputMapping/IA_Jump.uasset" 623
"C:/Users/atrix/OneDrive/Documents/Unreal Projects/MazeRunner/Content/Character/Input/InputMapping/IA_Jump.uexp" 624
"C:/Users/atrix/OneDrive/Documents/Unreal Projects/MazeRunner/Content/Character/Input/InputMapping/IA_Sprint.uasset" 625
"C:/Users/atrix/OneDrive/Documents/Unreal Projects/MazeRunner/Content/Character/Input/InputMapping/IA_Sprint.uexp" 626
"C:/Users/atrix/OneDrive/Documents/Unreal Projects/MazeRunner/Content/Character/Input/InputMapping/IA_Interaction.uasset" 627
"C:/Users/atrix/OneDrive/Documents/Unreal Projects/MazeRunner/Content/Character/Input/InputMapping/IA_Interaction.uexp" 628
"C:/Users/atrix/OneDrive/Documents/Unreal Projects/MazeRunner/Content/Character/Input/InputMapping/IA_Look.uasset" 629
"C:/Users/atrix/OneDrive/Documents/Unreal Projects/MazeRunner/Content/Character/Input/InputMapping/IA_Look.uexp" 630
"C:/Users/atrix/OneDrive/Documents/Unreal Projects/MazeRunner/Content/Character/Input/InputMapping/IA_SprintGamepad.uasset" 631
"C:/Users/atrix/OneDrive/Documents/Unreal Projects/MazeRunner/Content/Character/Input/InputMapping/IA_SprintGamepad.uexp" 632
"C:/Users/atrix/OneDrive/Documents/Unreal Projects/MazeRunner/Content/Character/Input/InputMapping/IA_LookGamepad.uasset" 633
"C:/Users/atrix/OneDrive/Documents/Unreal Projects/MazeRunner/Content/Character/Input/InputMapping/IA_LookGamepad.uexp" 634
"C:/Users/atrix/OneDrive/Documents/Unreal Projects/MazeRunner/Content/Character/Input/InputMapping/IA_Movement.uasset" 635
"C:/Users/atrix/OneDrive/Documents/Unreal Projects/MazeRunner/Content/Character/Input/InputMapping/IA_Movement.uexp" 636
"C:/Users/atrix/OneDrive/Documents/Unreal Projects/MazeRunner/Content/Character/Input/IMC_Gameplay.uasset" 637
"C:/Users/atrix/OneDrive/Documents/Unreal Projects/MazeRunner/Content/Character/Input/IMC_Gameplay.uexp" 638
"C:/Users/atrix/OneDrive/Documents/Unreal Projects/MazeRunner/Content/Character/Assets/Skeleton/Remy_Skeleton.uasset" 639
"C:/Users/atrix/OneDrive/Documents/Unreal Projects/MazeRunner/Content/Character/Assets/Skeleton/Remy_Skeleton.uexp" 640
"C:/Users/atrix/OneDrive/Documents/Unreal Projects/MazeRunner/Content/Character/Assets/Mats/Remy_Hair_Gloss.ubulk" 641
"C:/Users/atrix/OneDrive/Documents/Unreal Projects/MazeRunner/Content/Character/Assets/Mats/Remy_Hair_Gloss.uasset" 642
"C:/Users/atrix/OneDrive/Documents/Unreal Projects/MazeRunner/Content/Character/Assets/Mats/Remy_Hair_Gloss.uexp" 643
"C:/Users/atrix/OneDrive/Documents/Unreal Projects/MazeRunner/Content/Character/Assets/Mats/Remy_Hair_Specular.ubulk" 644
"C:/Users/atrix/OneDrive/Documents/Unreal Projects/MazeRunner/Content/Character/Assets/Mats/Remy_Hair_Specular.uasset" 645
"C:/Users/atrix/OneDrive/Documents/Unreal Projects/MazeRunner/Content/Character/Assets/Mats/Remy_Hair_Specular.uexp" 646
"C:/Users/atrix/OneDrive/Documents/Unreal Projects/MazeRunner/Content/Character/Assets/Mats/Remy_Hair_Diffuse.ubulk" 647
"C:/Users/atrix/OneDrive/Documents/Unreal Projects/MazeRunner/Content/Character/Assets/Mats/Remy_Hair_Diffuse.uasset" 648
"C:/Users/atrix/OneDrive/Documents/Unreal Projects/MazeRunner/Content/Character/Assets/Mats/Remy_Hair_Diffuse.uexp" 649
"C:/Users/atrix/OneDrive/Documents/Unreal Projects/MazeRunner/Content/Character/Assets/Mats/Remy_Hair_Opacity.ubulk" 650
"C:/Users/atrix/OneDrive/Documents/Unreal Projects/MazeRunner/Content/Character/Assets/Mats/Remy_Hair_Opacity.uasset" 651
"C:/Users/atrix/OneDrive/Documents/Unreal Projects/MazeRunner/Content/Character/Assets/Mats/Remy_Hair_Opacity.uexp" 652
"C:/Users/atrix/OneDrive/Documents/Unreal Projects/MazeRunner/Content/Character/Assets/Mats/Remy_Hair_Normal.ubulk" 653
"C:/Users/atrix/OneDrive/Documents/Unreal Projects/MazeRunner/Content/Character/Assets/Mats/Remy_Hair_Normal.uasset" 654
"C:/Users/atrix/OneDrive/Documents/Unreal Projects/MazeRunner/Content/Character/Assets/Mats/Remy_Hair_Normal.uexp" 655
"C:/Users/atrix/OneDrive/Documents/Unreal Projects/MazeRunner/Content/Character/Assets/Mats/Hairmat.uasset" 656
"C:/Users/atrix/OneDrive/Documents/Unreal Projects/MazeRunner/Content/Character/Assets/Mats/Hairmat.uexp" 657
"C:/Users/atrix/OneDrive/Documents/Unreal Projects/MazeRunner/Content/Character/Assets/Skeleton/Remy_PhysicsAsset.uasset" 658
"C:/Users/atrix/OneDrive/Documents/Unreal Projects/MazeRunner/Content/Character/Assets/Skeleton/Remy_PhysicsAsset.uexp" 659
"C:/Users/atrix/OneDrive/Documents/Unreal Projects/MazeRunner/Content/Character/Assets/Mats/Remy_Shoes_Specular.ubulk" 660
"C:/Users/atrix/OneDrive/Documents/Unreal Projects/MazeRunner/Content/Character/Assets/Mats/Remy_Shoes_Specular.uasset" 661
"C:/Users/atrix/OneDrive/Documents/Unreal Projects/MazeRunner/Content/Character/Assets/Mats/Remy_Shoes_Specular.uexp" 662
"C:/Users/atrix/OneDrive/Documents/Unreal Projects/MazeRunner/Content/Character/Assets/Mats/Remy_Shoes_Normal.ubulk" 663
"C:/Users/atrix/OneDrive/Documents/Unreal Projects/MazeRunner/Content/Character/Assets/Mats/Remy_Shoes_Normal.uasset" 664
"C:/Users/atrix/OneDrive/Documents/Unreal Projects/MazeRunner/Content/Character/Assets/Mats/Remy_Shoes_Normal.uexp" 665
"C:/Users/atrix/OneDrive/Documents/Unreal Projects/MazeRunner/Content/Character/Assets/Mats/Remy_Shoes_Gloss.ubulk" 666
"C:/Users/atrix/OneDrive/Documents/Unreal Projects/MazeRunner/Content/Character/Assets/Mats/Remy_Shoes_Gloss.uasset" 667
"C:/Users/atrix/OneDrive/Documents/Unreal Projects/MazeRunner/Content/Character/Assets/Mats/Remy_Shoes_Gloss.uexp" 668
"C:/Users/atrix/OneDrive/Documents/Unreal Projects/MazeRunner/Content/Character/Assets/Mats/Remy_Shoes_Diffuse.ubulk" 669
"C:/Users/atrix/OneDrive/Documents/Unreal Projects/MazeRunner/Content/Character/Assets/Mats/Remy_Shoes_Diffuse.uasset" 670
"C:/Users/atrix/OneDrive/Documents/Unreal Projects/MazeRunner/Content/Character/Assets/Mats/Remy_Shoes_Diffuse.uexp" 671
"C:/Users/atrix/OneDrive/Documents/Unreal Projects/MazeRunner/Content/Character/Assets/Mats/Shoesmat.uasset" 672
"C:/Users/atrix/OneDrive/Documents/Unreal Projects/MazeRunner/Content/Character/Assets/Mats/Shoesmat.uexp" 673
"C:/Users/atrix/OneDrive/Documents/Unreal Projects/MazeRunner/Content/Character/Assets/Mats/Remy_Body_Gloss.ubulk" 674
"C:/Users/atrix/OneDrive/Documents/Unreal Projects/MazeRunner/Content/Character/Assets/Mats/Remy_Body_Gloss.uasset" 675
"C:/Users/atrix/OneDrive/Documents/Unreal Projects/MazeRunner/Content/Character/Assets/Mats/Remy_Body_Gloss.uexp" 676
"C:/Users/atrix/OneDrive/Documents/Unreal Projects/MazeRunner/Content/Character/Assets/Mats/Remy_Body_Normal.ubulk" 677
"C:/Users/atrix/OneDrive/Documents/Unreal Projects/MazeRunner/Content/Character/Assets/Mats/Remy_Body_Normal.uasset" 678
"C:/Users/atrix/OneDrive/Documents/Unreal Projects/MazeRunner/Content/Character/Assets/Mats/Remy_Body_Normal.uexp" 679
"C:/Users/atrix/OneDrive/Documents/Unreal Projects/MazeRunner/Content/Character/Assets/Mats/Remy_Body_Diffuse.ubulk" 680
"C:/Users/atrix/OneDrive/Documents/Unreal Projects/MazeRunner/Content/Character/Assets/Mats/Remy_Body_Diffuse.uasset" 681
"C:/Users/atrix/OneDrive/Documents/Unreal Projects/MazeRunner/Content/Character/Assets/Mats/Remy_Body_Diffuse.uexp" 682
"C:/Users/atrix/OneDrive/Documents/Unreal Projects/MazeRunner/Content/Character/Assets/Mats/Remy_Body_Specular.ubulk" 683
"C:/Users/atrix/OneDrive/Documents/Unreal Projects/MazeRunner/Content/Character/Assets/Mats/Remy_Body_Specular.uasset" 684
"C:/Users/atrix/OneDrive/Documents/Unreal Projects/MazeRunner/Content/Character/Assets/Mats/Remy_Body_Specular.uexp" 685
"C:/Users/atrix/OneDrive/Documents/Unreal Projects/MazeRunner/Content/Character/Assets/Mats/Bodymat.uasset" 686
"C:/Users/atrix/OneDrive/Documents/Unreal Projects/MazeRunner/Content/Character/Assets/Mats/Bodymat.uexp" 687
"C:/Users/atrix/OneDrive/Documents/Unreal Projects/MazeRunner/Content/Character/Assets/Mats/Remy_Body_Opacity.ubulk" 688
"C:/Users/atrix/OneDrive/Documents/Unreal Projects/MazeRunner/Content/Character/Assets/Mats/Remy_Body_Opacity.uasset" 689
"C:/Users/atrix/OneDrive/Documents/Unreal Projects/MazeRunner/Content/Character/Assets/Mats/Remy_Body_Opacity.uexp" 690
"C:/Users/atrix/OneDrive/Documents/Unreal Projects/MazeRunner/Content/Character/Assets/Mats/Remy_Body_Diffuse_ncl1_1.ubulk" 691
"C:/Users/atrix/OneDrive/Documents/Unreal Projects/MazeRunner/Content/Character/Assets/Mats/Remy_Body_Diffuse_ncl1_1.uasset" 692
"C:/Users/atrix/OneDrive/Documents/Unreal Projects/MazeRunner/Content/Character/Assets/Mats/Remy_Body_Diffuse_ncl1_1.uexp" 693
"C:/Users/atrix/OneDrive/Documents/Unreal Projects/MazeRunner/Content/Character/Assets/Mats/Remy_Body_Gloss_ncl1_1.ubulk" 694
"C:/Users/atrix/OneDrive/Documents/Unreal Projects/MazeRunner/Content/Character/Assets/Mats/Remy_Body_Gloss_ncl1_1.uasset" 695
"C:/Users/atrix/OneDrive/Documents/Unreal Projects/MazeRunner/Content/Character/Assets/Mats/Remy_Body_Gloss_ncl1_1.uexp" 696
"C:/Users/atrix/OneDrive/Documents/Unreal Projects/MazeRunner/Content/Character/Assets/Mats/Remy_Body_Specular_ncl1_1.ubulk" 697
"C:/Users/atrix/OneDrive/Documents/Unreal Projects/MazeRunner/Content/Character/Assets/Mats/Remy_Body_Specular_ncl1_1.uasset" 698
"C:/Users/atrix/OneDrive/Documents/Unreal Projects/MazeRunner/Content/Character/Assets/Mats/Remy_Body_Specular_ncl1_1.uexp" 699
"C:/Users/atrix/OneDrive/Documents/Unreal Projects/MazeRunner/Content/Character/Assets/Mats/Remy_Body_Normal_ncl1_1.ubulk" 700
"C:/Users/atrix/OneDrive/Documents/Unreal Projects/MazeRunner/Content/Character/Assets/Mats/Remy_Body_Normal_ncl1_1.uasset" 701
"C:/Users/atrix/OneDrive/Documents/Unreal Projects/MazeRunner/Content/Character/Assets/Mats/Remy_Body_Normal_ncl1_1.uexp" 702
"C:/Users/atrix/OneDrive/Documents/Unreal Projects/MazeRunner/Content/Character/Assets/Mats/Eyelashmat.uasset" 703
"C:/Users/atrix/OneDrive/Documents/Unreal Projects/MazeRunner/Content/Character/Assets/Mats/Eyelashmat.uexp" 704
"C:/Users/atrix/OneDrive/Documents/Unreal Projects/MazeRunner/Content/Character/Assets/Mats/Remy_Bottom_Gloss.ubulk" 705
"C:/Users/atrix/OneDrive/Documents/Unreal Projects/MazeRunner/Content/Character/Assets/Mats/Remy_Bottom_Gloss.uasset" 706
"C:/Users/atrix/OneDrive/Documents/Unreal Projects/MazeRunner/Content/Character/Assets/Mats/Remy_Bottom_Gloss.uexp" 707
"C:/Users/atrix/OneDrive/Documents/Unreal Projects/MazeRunner/Content/Character/Assets/Mats/Remy_Bottom_Normal.ubulk" 708
"C:/Users/atrix/OneDrive/Documents/Unreal Projects/MazeRunner/Content/Character/Assets/Mats/Remy_Bottom_Normal.uasset" 709
"C:/Users/atrix/OneDrive/Documents/Unreal Projects/MazeRunner/Content/Character/Assets/Mats/Remy_Bottom_Normal.uexp" 710
"C:/Users/atrix/OneDrive/Documents/Unreal Projects/MazeRunner/Content/Character/Assets/Mats/Remy_Bottom_Diffuse.ubulk" 711
"C:/Users/atrix/OneDrive/Documents/Unreal Projects/MazeRunner/Content/Character/Assets/Mats/Remy_Bottom_Diffuse.uasset" 712
"C:/Users/atrix/OneDrive/Documents/Unreal Projects/MazeRunner/Content/Character/Assets/Mats/Remy_Bottom_Diffuse.uexp" 713
"C:/Users/atrix/OneDrive/Documents/Unreal Projects/MazeRunner/Content/Character/Assets/Mats/Remy_Bottom_Specular.ubulk" 714
"C:/Users/atrix/OneDrive/Documents/Unreal Projects/MazeRunner/Content/Character/Assets/Mats/Remy_Bottom_Specular.uasset" 715
"C:/Users/atrix/OneDrive/Documents/Unreal Projects/MazeRunner/Content/Character/Assets/Mats/Remy_Bottom_Specular.uexp" 716
"C:/Users/atrix/OneDrive/Documents/Unreal Projects/MazeRunner/Content/Character/Assets/Mats/Bottommat.uasset" 717
"C:/Users/atrix/OneDrive/Documents/Unreal Projects/MazeRunner/Content/Character/Assets/Mats/Bottommat.uexp" 718
"C:/Users/atrix/OneDrive/Documents/Unreal Projects/MazeRunner/Content/Character/Assets/Mats/Remy_Top_Specular.ubulk" 719
"C:/Users/atrix/OneDrive/Documents/Unreal Projects/MazeRunner/Content/Character/Assets/Mats/Remy_Top_Specular.uasset" 720
"C:/Users/atrix/OneDrive/Documents/Unreal Projects/MazeRunner/Content/Character/Assets/Mats/Remy_Top_Specular.uexp" 721
"C:/Users/atrix/OneDrive/Documents/Unreal Projects/MazeRunner/Content/Character/Assets/Mats/Remy_Top_Normal.ubulk" 722
"C:/Users/atrix/OneDrive/Documents/Unreal Projects/MazeRunner/Content/Character/Assets/Mats/Remy_Top_Normal.uasset" 723
"C:/Users/atrix/OneDrive/Documents/Unreal Projects/MazeRunner/Content/Character/Assets/Mats/Remy_Top_Normal.uexp" 724
"C:/Users/atrix/OneDrive/Documents/Unreal Projects/MazeRunner/Content/Character/Assets/Mats/Remy_Top_Diffuse.ubulk" 725
"C:/Users/atrix/OneDrive/Documents/Unreal Projects/MazeRunner/Content/Character/Assets/Mats/Remy_Top_Diffuse.uasset" 726
"C:/Users/atrix/OneDrive/Documents/Unreal Projects/MazeRunner/Content/Character/Assets/Mats/Remy_Top_Diffuse.uexp" 727
"C:/Users/atrix/OneDrive/Documents/Unreal Projects/MazeRunner/Content/Character/Assets/Mats/Remy_Top_Gloss.ubulk" 728
"C:/Users/atrix/OneDrive/Documents/Unreal Projects/MazeRunner/Content/Character/Assets/Mats/Remy_Top_Gloss.uasset" 729
"C:/Users/atrix/OneDrive/Documents/Unreal Projects/MazeRunner/Content/Character/Assets/Mats/Remy_Top_Gloss.uexp" 730
"C:/Users/atrix/OneDrive/Documents/Unreal Projects/MazeRunner/Content/Character/Assets/Mats/Topmat.uasset" 731
"C:/Users/atrix/OneDrive/Documents/Unreal Projects/MazeRunner/Content/Character/Assets/Mats/Topmat.uexp" 732
"C:/Users/atrix/OneDrive/Documents/Unreal Projects/MazeRunner/Content/Character/Assets/Skeleton/Remy.uasset" 733
"C:/Users/atrix/OneDrive/Documents/Unreal Projects/MazeRunner/Content/Character/Assets/Skeleton/Remy.uexp" 734
"../../../Engine/Content/Animation/DefaultAnimCurveCompressionSettings.uasset" 735
"../../../Engine/Content/Animation/DefaultAnimCurveCompressionSettings.uexp" 736
"../../../Engine/Content/Animation/DefaultAnimBoneCompressionSettings.uasset" 737
"../../../Engine/Content/Animation/DefaultAnimBoneCompressionSettings.uexp" 738
"C:/Users/atrix/OneDrive/Documents/Unreal Projects/MazeRunner/Content/Character/Assets/Animations/Jumping_Up.uasset" 739
"C:/Users/atrix/OneDrive/Documents/Unreal Projects/MazeRunner/Content/Character/Assets/Animations/Jumping_Up.uexp" 740
"C:/Users/atrix/OneDrive/Documents/Unreal Projects/MazeRunner/Content/Character/Assets/Animations/Falling_Idle.uasset" 741
"C:/Users/atrix/OneDrive/Documents/Unreal Projects/MazeRunner/Content/Character/Assets/Animations/Falling_Idle.uexp" 742
"C:/Users/atrix/OneDrive/Documents/Unreal Projects/MazeRunner/Content/Character/Assets/Animations/Jumping_Down.uasset" 743
"C:/Users/atrix/OneDrive/Documents/Unreal Projects/MazeRunner/Content/Character/Assets/Animations/Jumping_Down.uexp" 744
"C:/Users/atrix/OneDrive/Documents/Unreal Projects/MazeRunner/Content/Character/Assets/Animations/Breathing_Idle.uasset" 745
"C:/Users/atrix/OneDrive/Documents/Unreal Projects/MazeRunner/Content/Character/Assets/Animations/Breathing_Idle.uexp" 746
"C:/Users/atrix/OneDrive/Documents/Unreal Projects/MazeRunner/Content/Character/Assets/Animations/Left_Strafe_Walking.uasset" 747
"C:/Users/atrix/OneDrive/Documents/Unreal Projects/MazeRunner/Content/Character/Assets/Animations/Left_Strafe_Walking.uexp" 748
"C:/Users/atrix/OneDrive/Documents/Unreal Projects/MazeRunner/Content/Character/Assets/Animations/Right_Strafe.uasset" 749
"C:/Users/atrix/OneDrive/Documents/Unreal Projects/MazeRunner/Content/Character/Assets/Animations/Right_Strafe.uexp" 750
"C:/Users/atrix/OneDrive/Documents/Unreal Projects/MazeRunner/Content/Character/Assets/Animations/Running_Backward.uasset" 751
"C:/Users/atrix/OneDrive/Documents/Unreal Projects/MazeRunner/Content/Character/Assets/Animations/Running_Backward.uexp" 752
"C:/Users/atrix/OneDrive/Documents/Unreal Projects/MazeRunner/Content/Character/Assets/Animations/Walking_Backwards.uasset" 753
"C:/Users/atrix/OneDrive/Documents/Unreal Projects/MazeRunner/Content/Character/Assets/Animations/Walking_Backwards.uexp" 754
"C:/Users/atrix/OneDrive/Documents/Unreal Projects/MazeRunner/Content/Character/Assets/Animations/Right_Strafe_Walking.uasset" 755
"C:/Users/atrix/OneDrive/Documents/Unreal Projects/MazeRunner/Content/Character/Assets/Animations/Right_Strafe_Walking.uexp" 756
"C:/Users/atrix/OneDrive/Documents/Unreal Projects/MazeRunner/Content/Character/Assets/Animations/Left_Strafe.uasset" 757
"C:/Users/atrix/OneDrive/Documents/Unreal Projects/MazeRunner/Content/Character/Assets/Animations/Left_Strafe.uexp" 758
"C:/Users/atrix/OneDrive/Documents/Unreal Projects/MazeRunner/Content/Character/Assets/Animations/Running.uasset" 759
"C:/Users/atrix/OneDrive/Documents/Unreal Projects/MazeRunner/Content/Character/Assets/Animations/Running.uexp" 760
"C:/Users/atrix/OneDrive/Documents/Unreal Projects/MazeRunner/Content/Character/Assets/Animations/Standard_Walk.uasset" 761
"C:/Users/atrix/OneDrive/Documents/Unreal Projects/MazeRunner/Content/Character/Assets/Animations/Standard_Walk.uexp" 762
"C:/Users/atrix/OneDrive/Documents/Unreal Projects/MazeRunner/Content/Character/Assets/Animations/ABS_Player.uasset" 763
"C:/Users/atrix/OneDrive/Documents/Unreal Projects/MazeRunner/Content/Character/Assets/Animations/ABS_Player.uexp" 764
"C:/Users/atrix/OneDrive/Documents/Unreal Projects/MazeRunner/Content/Character/Assets/Animations/ABP_Character.uasset" 765
"C:/Users/atrix/OneDrive/Documents/Unreal Projects/MazeRunner/Content/Character/Assets/Animations/ABP_Character.uexp" 766
"C:/Users/atrix/OneDrive/Documents/Unreal Projects/MazeRunner/Content/Character/BP_PlayerCharacter.uasset" 767
"C:/Users/atrix/OneDrive/Documents/Unreal Projects/MazeRunner/Content/Character/BP_PlayerCharacter.uexp" 768
"C:/Users/atrix/OneDrive/Documents/Unreal Projects/MazeRunner/Content/GameModes/PC_Gameplay.uasset" 769
"C:/Users/atrix/OneDrive/Documents/Unreal Projects/MazeRunner/Content/GameModes/PC_Gameplay.uexp" 770
"C:/Users/atrix/OneDrive/Documents/Unreal Projects/MazeRunner/Content/GameModes/GM_Gameplay.uasset" 771
"C:/Users/atrix/OneDrive/Documents/Unreal Projects/MazeRunner/Content/GameModes/GM_Gameplay.uexp" 772
"../../../Engine/Content/EngineSky/M_SimpleSkyDome.uasset" 773
"../../../Engine/Content/EngineSky/M_SimpleSkyDome.uexp" 774
"C:/Users/atrix/OneDrive/Documents/Unreal Projects/MazeRunner/Content/Props/Mats/MAT_Stone.uasset" 775
"C:/Users/atrix/OneDrive/Documents/Unreal Projects/MazeRunner/Content/Props/Mats/MAT_Stone.uexp" 776
"C:/Users/atrix/OneDrive/Documents/Unreal Projects/MazeRunner/Content/Props/Meshes/Button.ubulk" 777
"C:/Users/atrix/OneDrive/Documents/Unreal Projects/MazeRunner/Content/Props/Meshes/Button.uasset" 778
"C:/Users/atrix/OneDrive/Documents/Unreal Projects/MazeRunner/Content/Props/Meshes/Button.uexp" 779
"C:/Users/atrix/OneDrive/Documents/Unreal Projects/MazeRunner/Content/Props/Meshes/ButtonBase.ubulk" 780
"C:/Users/atrix/OneDrive/Documents/Unreal Projects/MazeRunner/Content/Props/Meshes/ButtonBase.uasset" 781
"C:/Users/atrix/OneDrive/Documents/Unreal Projects/MazeRunner/Content/Props/Meshes/ButtonBase.uexp" 782
"C:/Users/atrix/OneDrive/Documents/Unreal Projects/MazeRunner/Content/Props/Mats/MAT_RedStone.uasset" 783
"C:/Users/atrix/OneDrive/Documents/Unreal Projects/MazeRunner/Content/Props/Mats/MAT_RedStone.uexp" 784
"C:/Users/atrix/OneDrive/Documents/Unreal Projects/MazeRunner/Content/Props/BP_Button.uasset" 785
"C:/Users/atrix/OneDrive/Documents/Unreal Projects/MazeRunner/Content/Props/BP_Button.uexp" 786
"C:/Users/atrix/OneDrive/Documents/Unreal Projects/MazeRunner/Content/Levels/TestLevel.uexp" 787
"C:/Users/atrix/OneDrive/Documents/Unreal Projects/MazeRunner/Content/Levels/TestLevel.umap" 788
"C:/Users/atrix/OneDrive/Documents/Unreal Projects/MazeRunner/Content/GameModes/MainMenu/BP_PC_MainMenu.uasset" 789
"C:/Users/atrix/OneDrive/Documents/Unreal Projects/MazeRunner/Content/GameModes/MainMenu/BP_PC_MainMenu.uexp" 790
"C:/Users/atrix/OneDrive/Documents/Unreal Projects/MazeRunner/Content/GameModes/MainMenu/GM_MainMenu.uasset" 791
"C:/Users/atrix/OneDrive/Documents/Unreal Projects/MazeRunner/Content/GameModes/MainMenu/GM_MainMenu.uexp" 792
"C:/Users/atrix/OneDrive/Documents/Unreal Projects/MazeRunner/Content/Levels/MainMenu_Level.uexp" 793
"C:/Users/atrix/OneDrive/Documents/Unreal Projects/MazeRunner/Content/Levels/MainMenu_Level.umap" 794
